2019-06-14 09:39:47.854 ===== TRACE ===== 
2019-06-14 09:39:47.854 ===== TRACE ===== =====================================
2019-06-14 09:39:47.854 ===== TRACE ===== 
2019-06-14 09:39:47.855 ===== TRACE ===== DataBase actual Version = V8.0.0
2019-06-14 09:39:47.855 ===== TRACE ===== ProjeQtOr actual Version = V8.0.4
2019-06-14 09:39:47.855 ===== TRACE ===== 
2019-06-14 09:39:47.855 ===== TRACE ===== =====================================
2019-06-14 09:39:47.855 ===== TRACE ===== 
2019-06-14 09:39:47.855 ===== TRACE ===== VERSION V8.0.2
2019-06-14 09:39:47.855 ===== TRACE ===== 
2019-06-14 09:39:47.914 ===== TRACE =====  1 lines updated into table "type".
2019-06-14 09:39:50.714 ===== TRACE =====  Table "command" altered.
2019-06-14 09:39:50.714 ===== TRACE ===== 
2019-06-14 09:39:50.714 ===== TRACE ===== DATABASE UPDATED
2019-06-14 09:39:50.714 ===== TRACE =====  WITH NO ERROR
2019-06-14 09:39:50.714 ===== TRACE ===== 
2019-06-14 09:39:53.123 ===== TRACE ===== =====================================
2019-06-14 09:39:53.123 ===== TRACE ===== 
2019-06-14 09:39:53.124 ===== TRACE ===== DATABASE UPDATE COMPLETED TO VERSION V8.0.4
2019-06-14 09:39:53.124 ===== TRACE ===== 
2019-06-14 09:39:53.124 ===== TRACE ===== =====================================
2019-06-14 09:39:53.124 ===== TRACE ===== 
2019-06-14 09:40:19.350 ===== TRACE ===== NEW CONNECTED USER 'admin'
2019-06-14 09:40:30.812 ===== TRACE ===== Cannot check Version at http://projeqtor.org/admin/getVersion.php
2019-06-14 09:40:30.812 ===== TRACE ===== Maybe allow_url_fopen is Off in php.ini...
2019-06-14 09:40:47.469 ===== TRACE ===== DISCONNECTED USER 'admin'
